<?xml version="1.0" encoding="UTF-8"?>
<testng-results ignored="0" total="1" passed="1" failed="0" skipped="0">
  <reporter-output>
  </reporter-output>
  <suite started-at="2024-04-18T14:34:57 GMT-05:00" name="Default suite" finished-at="2024-04-18T14:35:36 GMT-05:00" duration-ms="38971">
    <groups>
    </groups>
    <test started-at="2024-04-18T14:34:57 GMT-05:00" name="Default test" finished-at="2024-04-18T14:35:36 GMT-05:00" duration-ms="38971">
      <class name="Test.TC007_BottomlinkTest">
        <test-method is-config="true" signature="browserLaunch()[pri:0, instance:Test.TC007_BottomlinkTest@402c4085]" started-at="2024-04-18T14:34:57 GMT-05:00" name="browserLaunch" finished-at="2024-04-18T14:35:05 GMT-05:00" duration-ms="8014" status="PASS">
          <reporter-output>
          </reporter-output>
        </test-method> <!-- browserLaunch -->
        <test-method signature="Homepage()[pri:0, instance:Test.TC007_BottomlinkTest@402c4085]" started-at="2024-04-18T14:35:05 GMT-05:00" name="Homepage" finished-at="2024-04-18T14:35:36 GMT-05:00" duration-ms="30850" status="PASS">
          <reporter-output>
          </reporter-output>
        </test-method> <!-- Homepage -->
        <test-method is-config="true" signature="closeBrowser()[pri:0, instance:Test.TC007_BottomlinkTest@402c4085]" started-at="2024-04-18T14:35:36 GMT-05:00" name="closeBrowser" finished-at="2024-04-18T14:35:36 GMT-05:00" duration-ms="1" status="PASS">
          <reporter-output>
          </reporter-output>
        </test-method> <!-- closeBrowser -->
      </class> <!-- Test.TC007_BottomlinkTest -->
    </test> <!-- Default test -->
  </suite> <!-- Default suite -->
</testng-results>
